<?xml version="1.0" encoding="UTF-8"?>
<!-- Generated by org.testng.reporters.JUnitXMLReporter -->
<testsuite hostname="FalcoConstantin" ignored="2" name="MainPage smoke tests in FF browser" tests="2" failures="0" timestamp="2020-03-03T19:13:38 EET" time="41.039" errors="0">
  <testcase name="mainPageMenuTestSmoke" time="20.744" classname="tests.MainPageTest"/>
  <testcase name="mainPageStaysSearchTestSmoke" time="2.99" classname="tests.MainPageTest"/>
  <testcase name="mainPageSearchModuleTestRegression" time="0.0" classname="tests.MainPageTest">
    <ignored/>
  </testcase> <!-- mainPageSearchModuleTestRegression -->
  <testcase name="mainPageMenuTestFunctional" time="0.0" classname="tests.MainPageTest">
    <ignored/>
  </testcase> <!-- mainPageMenuTestFunctional -->
</testsuite> <!-- MainPage smoke tests in FF browser -->
