<?xml version="1.0" encoding="UTF-8"?>
<!-- Generated by org.testng.reporters.JUnitXMLReporter -->
<testsuite hostname="FalcoConstantin" ignored="2" name="Parallel tests for SMOKE in Windows Chrome browser" tests="3" failures="0" timestamp="2020-03-03T19:23:58 EET" time="65.756" errors="0">
  <testcase name="mainPageMenuTestFunctional" time="20.801" classname="tests.MainPageTest"/>
  <testcase name="mainPageMenuTestSmoke" time="40.267" classname="tests.MainPageTest"/>
  <testcase name="mainPageStaysSearchTestSmoke" time="0.0" classname="tests.MainPageTest">
    <skipped/>
  </testcase> <!-- mainPageStaysSearchTestSmoke -->
  <testcase name="mainPageSearchModuleTestRegression" time="0.0" classname="tests.MainPageTest">
    <ignored/>
  </testcase> <!-- mainPageSearchModuleTestRegression -->
  <testcase name="mainPageMenuTestFunctional" time="0.0" classname="tests.MainPageTest">
    <ignored/>
  </testcase> <!-- mainPageMenuTestFunctional -->
</testsuite> <!-- Parallel tests for SMOKE in Windows Chrome browser -->
